Drill report for yash.kicad_pcb
Created on Fri May  6 17:46:24 2022

Copper Layer Stackup:
    =============================================================
    L1 :  F.Cu                      front
    L2 :  B.Cu                      back


Drill file 'yash.drl' contains
    plated through holes:
    =============================================================
    T1  0.700mm  0.0276"  (3 holes)
    T2  0.800mm  0.0315"  (67 holes)
    T3  0.900mm  0.0354"  (2 holes)
    T4  1.000mm  0.0394"  (20 holes)  (with 20 slots)
    T5  1.016mm  0.0400"  (10 holes)
    T6  1.100mm  0.0433"  (4 holes)
    T7  1.200mm  0.0472"  (7 holes)

    Total plated holes count 113


Not plated through holes are merged with plated holes
    unplated through holes:
    =============================================================

    Total unplated holes count 0
